Running on host compute083.bc4.acrc.priv
Time is Fri Jan 28 17:24:56 GMT 2022
Directory is /mnt/storage/scratch/zs20225/tephra2Wrapper/src/grid
Slurm job ID is 10012728
This job runs on the following machines:
compute083
112 111
(12432, 3)
111 107
(11877, 3)
110 110
(12100, 3)
112 112
(12544, 3)
111 111
(12321, 3)
113 107
(12091, 3)
111 108
(11988, 3)
111 111
(12321, 3)
111 106
(11766, 3)
112 111
(12432, 3)
111 106
(11766, 3)
111 112
(12432, 3)
112 111
(12432, 3)
112 111
(12432, 3)
111 111
(12321, 3)
112 111
(12432, 3)
112 110
(12320, 3)
111 112
(12432, 3)
112 109
(12208, 3)
113 109
(12317, 3)
111 107
(11877, 3)
112 111
(12432, 3)
111 106
(11766, 3)
112 111
(12432, 3)
112 112
(12544, 3)
112 111
(12432, 3)
112 110
(12320, 3)
112 112
(12544, 3)
111 106
(11766, 3)
112 111
(12432, 3)
111 112
(12432, 3)
112 111
(12432, 3)
112 111
(12432, 3)
113 106
(11978, 3)
110 108
(11880, 3)
112 110
(12320, 3)
112 112
(12544, 3)
111 112
(12432, 3)
110 111
(12210, 3)
111 111
(12321, 3)
111 107
(11877, 3)
111 112
(12432, 3)
112 111
(12432, 3)
112 111
(12432, 3)
111 112
(12432, 3)
112 110
(12320, 3)
111 111
(12321, 3)
111 111
(12321, 3)
112 110
(12320, 3)
112 110
(12320, 3)
112 102
(11424, 3)
111 105
(11655, 3)
112 109
(12208, 3)
112 111
(12432, 3)
112 111
(12432, 3)
112 111
(12432, 3)
112 110
(12320, 3)
112 111
(12432, 3)
112 111
(12432, 3)
112 111
(12432, 3)
111 111
(12321, 3)
111 112
(12432, 3)
112 102
(11424, 3)
111 111
(12321, 3)
112 111
(12432, 3)
111 102
(11322, 3)
111 111
(12321, 3)
111 112
(12432, 3)
111 111
(12321, 3)
111 111
(12321, 3)
111 112
(12432, 3)
112 111
(12432, 3)
112 111
(12432, 3)
111 111
(12321, 3)
112 112
(12544, 3)
112 111
(12432, 3)
111 112
(12432, 3)
111 111
(12321, 3)
113 106
(11978, 3)
112 112
(12544, 3)
112 111
(12432, 3)
112 112
(12544, 3)
112 112
(12544, 3)
112 112
(12544, 3)
110 110
(12100, 3)
112 111
(12432, 3)
112 109
(12208, 3)
112 111
(12432, 3)
112 111
(12432, 3)
111 111
(12321, 3)
111 111
(12321, 3)
111 107
(11877, 3)
112 111
(12432, 3)
111 112
(12432, 3)
112 111
(12432, 3)
111 111
(12321, 3)
111 112
(12432, 3)
110 110
(12100, 3)
112 111
(12432, 3)
112 111
(12432, 3)
112 110
(12320, 3)
112 110
(12320, 3)
112 111
(12432, 3)
111 111
(12321, 3)
112 111
(12432, 3)
111 111
(12321, 3)
111 109
(12099, 3)
111 112
(12432, 3)
111 110
(12210, 3)
111 111
(12321, 3)
111 111
(12321, 3)
112 111
(12432, 3)
112 110
(12320, 3)
111 111
(12321, 3)
111 111
(12321, 3)
111 111
(12321, 3)
112 111
(12432, 3)
112 112
(12544, 3)
111 112
(12432, 3)
111 111
(12321, 3)
111 112
(12432, 3)
112 111
(12432, 3)
112 111
(12432, 3)
112 111
(12432, 3)
110 111
(12210, 3)
111 111
(12321, 3)
111 112
(12432, 3)
111 111
(12321, 3)
112 112
(12544, 3)
112 111
(12432, 3)
111 112
(12432, 3)
111 111
(12321, 3)
110 102
(11220, 3)
112 111
(12432, 3)
111 112
(12432, 3)
111 111
(12321, 3)
111 111
(12321, 3)
111 110
(12210, 3)
113 107
(12091, 3)
112 111
(12432, 3)
111 112
(12432, 3)
111 112
(12432, 3)
112 111
(12432, 3)
112 111
(12432, 3)
Finish time is Fri Jan 28 21:17:27 GMT 2022
