Running on host highmem12.bc4.acrc.priv
Time is Thu Nov 11 16:11:13 GMT 2021
Directory is /mnt/storage/scratch/zs20225/tephra2Wrapper/src/esps
Slurm job ID is 5104137
This job runs on the following machines:
highmem12
Finished config_gen
Done: 1/145
Finished config_gen
Done: 2/145
Finished config_gen
Done: 3/145
Finished config_gen
Done: 4/145
Finished config_gen
Done: 5/145
Finished config_gen
Done: 6/145
Finished config_gen
Done: 7/145
Finished config_gen
Done: 8/145
Finished config_gen
Done: 9/145
Finished config_gen
Done: 10/145
Finished config_gen
Done: 11/145
Finished config_gen
Done: 12/145
Finished config_gen
Done: 13/145
Finished config_gen
Done: 14/145
Finished config_gen
Done: 15/145
Finished config_gen
Done: 16/145
Finished config_gen
Done: 17/145
Finished config_gen
Done: 18/145
Finished config_gen
Done: 19/145
Finished config_gen
Done: 20/145
Finished config_gen
Done: 21/145
Finished config_gen
Done: 22/145
Finished config_gen
Done: 23/145
Finished config_gen
Done: 24/145
Finished config_gen
Done: 25/145
Finished config_gen
Done: 26/145
Finished config_gen
Done: 27/145
Finished config_gen
Done: 28/145
Finished config_gen
Done: 29/145
Finished config_gen
Done: 30/145
Finished config_gen
Done: 31/145
Finished config_gen
Done: 32/145
Finished config_gen
Done: 33/145
Finished config_gen
Done: 34/145
Finished config_gen
Done: 35/145
Finished config_gen
Done: 36/145
Finished config_gen
Done: 37/145
Finished config_gen
Done: 38/145
Finished config_gen
Done: 39/145
Finished config_gen
Done: 40/145
Finished config_gen
Done: 41/145
Finished config_gen
Done: 42/145
Finished config_gen
Done: 43/145
Finished config_gen
Done: 44/145
Finished config_gen
Done: 45/145
Finished config_gen
Done: 46/145
Finished config_gen
Done: 47/145
Finished config_gen
Done: 48/145
Finished config_gen
Done: 49/145
Finished config_gen
Done: 50/145
Finished config_gen
Done: 51/145
Finished config_gen
Done: 52/145
Finished config_gen
Done: 53/145
Finished config_gen
Done: 54/145
Finished config_gen
Done: 55/145
Finished config_gen
Done: 56/145
Finished config_gen
Done: 57/145
Finished config_gen
Done: 58/145
Finished config_gen
Done: 59/145
Finished config_gen
Done: 60/145
Finished config_gen
Done: 61/145
Finished config_gen
Done: 62/145
Finished config_gen
Done: 63/145
Finished config_gen
Done: 64/145
Finished config_gen
Done: 65/145
Finished config_gen
Done: 66/145
Finished config_gen
Done: 67/145
Finished config_gen
Done: 68/145
Finished config_gen
Done: 69/145
Finished config_gen
Done: 70/145
Finished config_gen
Done: 71/145
Finished config_gen
Done: 72/145
Finished config_gen
Done: 73/145
Finished config_gen
Done: 74/145
Finished config_gen
Done: 75/145
Finished config_gen
Done: 76/145
Finished config_gen
Done: 77/145
Finished config_gen
Done: 78/145
Finished config_gen
Done: 79/145
Finished config_gen
Done: 80/145
Finished config_gen
Done: 81/145
Finished config_gen
Done: 82/145
Finished config_gen
Done: 83/145
Finished config_gen
Done: 84/145
Finished config_gen
Done: 85/145
Finished config_gen
Done: 86/145
Finished config_gen
Done: 87/145
Finished config_gen
Done: 88/145
Finished config_gen
Done: 89/145
Finished config_gen
Done: 90/145
Finished config_gen
Done: 91/145
Finished config_gen
Done: 92/145
Finished config_gen
Done: 93/145
Finished config_gen
Done: 94/145
Finished config_gen
Done: 95/145
Finished config_gen
Done: 96/145
Finished config_gen
Done: 97/145
Finished config_gen
Done: 98/145
Finished config_gen
Done: 99/145
Finished config_gen
Done: 100/145
Finished config_gen
Done: 101/145
Finished config_gen
Done: 102/145
Finished config_gen
Done: 103/145
Finished config_gen
Done: 104/145
Finished config_gen
Done: 105/145
Finished config_gen
Done: 106/145
Finished config_gen
Done: 107/145
Finished config_gen
Done: 108/145
Finished config_gen
Done: 109/145
Finished config_gen
Done: 110/145
Finished config_gen
Done: 111/145
Finished config_gen
Done: 112/145
Finished config_gen
Done: 113/145
Finished config_gen
Done: 114/145
Finished config_gen
Done: 115/145
Finished config_gen
Done: 116/145
Finished config_gen
Done: 117/145
Finished config_gen
Done: 118/145
Finished config_gen
Done: 119/145
Finished config_gen
Done: 120/145
Finished config_gen
Done: 121/145
Finished config_gen
Done: 122/145
Finished config_gen
Done: 123/145
Finished config_gen
Done: 124/145
Finished config_gen
Done: 125/145
Finished config_gen
Done: 126/145
Finished config_gen
Done: 127/145
Finished config_gen
Done: 128/145
Finished config_gen
Done: 129/145
Finished config_gen
Done: 130/145
Finished config_gen
Done: 131/145
Finished config_gen
Done: 132/145
Finished config_gen
Done: 133/145
Finished config_gen
Done: 134/145
Finished config_gen
Done: 135/145
Finished config_gen
Done: 136/145
Finished config_gen
Done: 137/145
Finished config_gen
Done: 138/145
Finished config_gen
Done: 139/145
Finished config_gen
Done: 140/145
Finished config_gen
Done: 141/145
Finished config_gen
Done: 142/145
Finished config_gen
Done: 143/145
Finished config_gen
Done: 144/145
Finished config_gen
Done: 145/145
Finish time is Thu Nov 11 17:01:46 GMT 2021
